gpasm-0.13.7 beta               ./src/lib/greet.asm3-2-2013  19:42:23           PAGE  1


LOC  OBJECT CODE     LINE SOURCE TEXT
  VALUE
 
               00001         processor       pic16f690
               00002         include         <p16f690.inc>
               00001         LIST
               00002 ; P16F690.INC  Standard Header File, Version 1.00    Microchip Technology, Inc.
               00607         LIST
               00003 
               00004         extern          mv_rx_w
               00005         extern          mv_w_tx
               00006         extern          delay
               00007 
               00008         global          greet
               00009 
               00010         udata
               00011 FLAGS   res             1
               00012 GSIG    res             1
               00013 
               00014 libsp   code
0000 00015 greet:
               00016 ;;      Signals:
               00017 ;;      Byte    Signal                  Function
               00018 ;;      .7      Interface-distress      Send to Control, expect Control-response
               00019 ;;      .8      Control-response        Send to Interface after receiving Interface-distress
               00020 ;;                                      and expect Interface-confirm
               00021 ;;      .9      Interface-confirm       Send to Control after receiving Control-response
               00022 ;;      .10     Control-distress        Send to Interface, expect Interface-response
               00023 ;;      .11     Interface-response      Send to Control after receiving Control-distress
               00024 ;;                                      and expect Control-confirm
               00025 ;;      .12     Control-confirm         Send to Interface after receiving Interface-response
               00026 
               00027 ;;      Flags:
               00028 ;;      (All flags are set by default)
               00029 ;;      Bit     Flag                    Function
               00030 ;;      0       C_DISTRESS_PENDING      Interface is expecting Control-distress.
               00031 ;;                                      Therefor: C_DISTRESS_PENDING = 1
               00032 ;;                                      When Control-distress is received, this is unset.
               00033 ;;      1       C_RESPONSE_PENDING      Interface-distress was sent AND received by Control,
               00034 ;;                                      Interface is now expecting a Control-response signal
               00035 ;;                                      Therefor: C_RESPONSE_PENDING = 1
               00036 ;;                                      When Control-response is received, this is unset.
               00037 ;;      2       C_CONFIRM_PENDING       Control-distress was received and responded by
               00038 ;;                                      Interface with an Interface-response. Interface
               00039 ;;                                      is therefor expecting a Control-confirm.
               00040 ;;                                      Therefor: C_CONFIRM_PENDING = 1
               00041 ;;                                      When Control-confirm is received, this is unset.
               00042 ;;      3       ITX_IRX                 Interface-distress was sent and Control-response
               00043 ;;                                      was received in exchange. Interface-confirm will be
               00044 ;;                                      sent to Control.
               00045 ;;                                      Therefor: ITX_IRX = 0
               00046 ;;                                      Otherwise, this is set.
               00047 ;;      4       CTX_CRX                 Control-distress was received and responded with
               00048 ;;                                      Interface-response by Interface. Then, Control
               00049 ;;                                      sent Control-confirm and Interface received this.
               00050 ;;                                      Therefor: CTX_CRX = 0
               00051 ;;                                      Otherwise, this is set.
gpasm-0.13.7 beta               ./src/lib/greet.asm3-2-2013  19:42:23           PAGE  2


LOC  OBJECT CODE     LINE SOURCE TEXT
  VALUE
 
               00052 
               00053 ;;      It can be said that ITX_IRX=0 only when C_RESPONSE_PENDING is 0, and
               00054 ;;      CTX_CRX=0 only when C_DISTRESS_PENDING = C_CONFIRM_PENDING = 0
               00055 
               00056 ;;      Set flags
0000 0000 0000 00057         banksel         FLAGS
0002 301F      00058         movlw           B'00011111'
0003 0000 0000 00059         banksel         FLAGS
0005 0080      00060         movwf           FLAGS
               00061 
               00062 ;;      Break loop
0006 00063 break:
0006 0000 0000 00064         banksel         FLAGS
0008 0800      00065         movfw           FLAGS
0009 3A00      00066         xorlw           .0
000A 1903      00067         skpnz
000B 2800      00068         goto            finish
               00069 
               00070 ;;      Transmission
000C 00071 transmit:
000C 0000 0000 00072         banksel         FLAGS
000E 1C80      00073         btfss           FLAGS,1
000F 2800      00074         goto            else1
               00075 ;;
               00076 ;;      if C_RESPONSE_PENDING (FLAGS,1) == 1 ; then
               00077 ;;
0010 2000      00078         call            delay
0011 3007      00079         movlw           .7              ;;      << Send Interface-distress
0012 2000      00080         call            mv_w_tx
               00081         .direct         "c","Control.rx"
0013 2800      00082         goto            fi1
               00083 ;;
               00084 ;;      else
               00085 ;;
0014 00086 else1:
0014 2000      00087         call            delay
0015 3009      00088         movlw           .9              ;;      << Send Interface-confirm
0016 2000      00089         call            mv_w_tx
               00090         .direct         "c","Control.rx"
               00091 ;;
               00092 ;;      fi
               00093 ;;
0017 00094 fi1:
               00095 
0017 0000 0000 00096         banksel         FLAGS
0019 0800      00097         movfw           FLAGS
001A 3905      00098         andlw           B'00000101'
001B 3A04      00099         xorlw           B'00000100'
001C 1D03      00100         skpz
001D 2800      00101         goto            fi2
               00102 ;;
               00103 ;;      if C_DISTRESS_PENDING (FLAGS,0) == 0 && C_CONFIRM_PENDING (FLAGS,2) == 1 ; then
               00104 ;;
001E 2000      00105         call            delay
gpasm-0.13.7 beta               ./src/lib/greet.asm3-2-2013  19:42:23           PAGE  3


LOC  OBJECT CODE     LINE SOURCE TEXT
  VALUE
 
001F 300B      00106         movlw           .11             ;;      << Send Interface-response
0020 2000      00107         call            mv_w_tx
               00108         .direct         "c","Control.rx"
               00109 ;;
               00110 ;;      fi
               00111 ;;
0021 00112 fi2:
               00113 
               00114 ;;      Sample RX byte
0021 00115 sample:
               00116         .direct         "c","Control.tx=8"
0021 1283 1303 00117         banksel         PIR1
0023 1E8C      00118         btfss           PIR1,5
0024 2800      00119         goto            break
               00120 
               00121 ;;      Reception
0025 00122 receive:
0025 2000      00123         call            mv_rx_w
0026 0000 0000 00124         banksel         GSIG
0028 0080      00125         movwf           GSIG
0029 3A0A      00126         xorlw           .10
002A 1903      00127         skpnz
               00128 ;;
               00129 ;;      if SIGNAL == Control-distress ; then
               00130 ;;
               00131         .direct         "c","Control.tx"
002B 1000      00132         bcf             FLAGS,0         ;;      << Clear C_DISTRESS_PENDING
               00133 ;;
               00134 ;;      fi
               00135 ;;
               00136 
002C 0800      00137         movfw           GSIG
002D 3A08      00138         xorlw           .8
002E 1D03      00139         skpz
002F 2800      00140         goto            fi3
               00141 ;;
               00142 ;;      if SIGNAL == Control-response ; then
               00143 ;;
0030 1080      00144         bcf             FLAGS,1         ;;      << Clear C_RESPONSE_PENDING
0031 1180      00145         bcf             FLAGS,3         ;;      << Clear ITX_IRX
               00146 ;;
               00147 ;;      fi
               00148 ;;
0032 00149 fi3:
               00150 
0032 0800      00151         movfw           GSIG
0033 3A0C      00152         xorlw           .12
0034 1D03      00153         skpz
0035 2800      00154         goto            fi4
               00155 ;;
               00156 ;;      if SIGNAL == Control-confirm ; then
               00157 ;;
0036 1100      00158         bcf             FLAGS,2         ;;      << Clear C_CONFIRM_PENDING
0037 1200      00159         bcf             FLAGS,4         ;;      << Clear CTX_CRX
gpasm-0.13.7 beta               ./src/lib/greet.asm3-2-2013  19:42:23           PAGE  4


LOC  OBJECT CODE     LINE SOURCE TEXT
  VALUE
 
               00160 ;;
               00161 ;;      fi
               00162 ;;
0038 00163 fi4:
               00164 
0038 2800      00165         goto            break
0039 00166 finish:
0039 0008      00167         return
gpasm-0.13.7 beta               ./src/lib/greet.asm3-2-2013  19:42:23           PAGE  5


SYMBOL TABLE
  LABEL                             VALUE 

ABDEN                             00000000
ABDOVF                            00000007
ADCON0                            0000001F
ADCON1                            0000009F
ADCS0                             00000004
ADCS1                             00000005
ADCS2                             00000006
ADDEN                             00000003
ADFM                              00000007
ADIE                              00000006
ADIF                              00000006
ADON                              00000000
ADRESH                            0000001E
ADRESL                            0000009E
ANS0                              00000000
ANS1                              00000001
ANS10                             00000002
ANS11                             00000003
ANS2                              00000002
ANS3                              00000003
ANS4                              00000004
ANS5                              00000005
ANS6                              00000006
ANS7                              00000007
ANS8                              00000000
ANS9                              00000001
ANSEL                             0000011E
ANSELH                            0000011F
BAUDCTL                           0000009B
BF                                00000000
BRG0                              00000000
BRG1                              00000001
BRG10                             00000002
BRG11                             00000003
BRG12                             00000004
BRG13                             00000005
BRG14                             00000006
BRG15                             00000007
BRG16                             00000003
BRG2                              00000002
BRG3                              00000003
BRG4                              00000004
BRG5                              00000005
BRG6                              00000006
BRG7                              00000007
BRG8                              00000000
BRG9                              00000001
BRGH                              00000002
C                                 00000000
C1CH0                             00000000
C1CH1                             00000001
C1IE                              00000005
C1IF                              00000005
gpasm-0.13.7 beta               ./src/lib/greet.asm3-2-2013  19:42:23           PAGE  6


LOC  OBJECT CODE     LINE SOURCE TEXT
  VALUE
 
C1OE                              00000005
C1ON                              00000007
C1OUT                             00000006
C1POL                             00000004
C1R                               00000002
C1SEN                             00000005
C1VREN                            00000007
C2CH0                             00000000
C2CH1                             00000001
C2IE                              00000006
C2IF                              00000006
C2OE                              00000005
C2ON                              00000007
C2OUT                             00000006
C2POL                             00000004
C2R                               00000002
C2REN                             00000004
C2SYNC                            00000000
C2VREN                            00000006
CCP1CON                           00000017
CCP1IE                            00000002
CCP1IF                            00000002
CCP1M0                            00000000
CCP1M1                            00000001
CCP1M2                            00000002
CCP1M3                            00000003
CCPR1H                            00000016
CCPR1L                            00000015
CHS0                              00000002
CHS1                              00000003
CHS2                              00000004
CHS3                              00000005
CKE                               00000006
CKP                               00000004
CM1CON0                           00000119
CM2CON0                           0000011A
CM2CON1                           0000011B
CREN                              00000004
CSRC                              00000007
D                                 00000005
DATA_ADDRESS                      00000005
DC                                00000001
DC1B0                             00000004
DC1B1                             00000005
D_A                               00000005
ECCPAS                            0000001D
ECCPAS0                           00000004
ECCPAS1                           00000005
ECCPAS2                           00000006
ECCPASE                           00000007
EEADR                             0000010D
EEADRH                            0000010F
EECON1                            0000018C
EECON2                            0000018D
gpasm-0.13.7 beta               ./src/lib/greet.asm3-2-2013  19:42:23           PAGE  7


LOC  OBJECT CODE     LINE SOURCE TEXT
  VALUE
 
EEDAT                             0000010C
EEDATA                            0000010C
EEDATH                            0000010E
EEIE                              00000004
EEIF                              00000004
EEPGD                             00000007
F                                 00000001
FERR                              00000002
FLAGS                             00000000
FSR                               00000004
GIE                               00000007
GO                                00000001
GO_DONE                           00000001
GSIG                              00000001
HTS                               00000002
I2C_DATA                          00000005
I2C_READ                          00000002
I2C_START                         00000003
I2C_STOP                          00000004
INDF                              00000000
INTCON                            0000000B
INTE                              00000004
INTEDG                            00000006
INTF                              00000001
IOC                               00000096
IOC0                              00000000
IOC1                              00000001
IOC2                              00000002
IOC3                              00000003
IOC4                              00000004
IOC5                              00000005
IOCA                              00000096
IOCA0                             00000000
IOCA1                             00000001
IOCA2                             00000002
IOCA3                             00000003
IOCA4                             00000004
IOCA5                             00000005
IOCB                              00000116
IOCB4                             00000004
IOCB5                             00000005
IOCB6                             00000006
IOCB7                             00000007
IRCF0                             00000004
IRCF1                             00000005
IRCF2                             00000006
IRP                               00000007
LTS                               00000001
MC1OUT                            00000007
MC2OUT                            00000006
MSK                               00000093
NOT_A                             00000005
NOT_ADDRESS                       00000005
NOT_BOR                           00000000
gpasm-0.13.7 beta               ./src/lib/greet.asm3-2-2013  19:42:23           PAGE  8


LOC  OBJECT CODE     LINE SOURCE TEXT
  VALUE
 
NOT_DONE                          00000001
NOT_PD                            00000003
NOT_POR                           00000001
NOT_RABPU                         00000007
NOT_T1SYNC                        00000002
NOT_TO                            00000004
NOT_W                             00000002
NOT_WRITE                         00000002
OERR                              00000001
OPTION_REG                        00000081
OSCCON                            0000008F
OSCTUNE                           00000090
OSFIE                             00000007
OSFIF                             00000007
OSTS                              00000003
P                                 00000004
P1M0                              00000006
P1M1                              00000007
PCL                               00000002
PCLATH                            0000000A
PCON                              0000008E
PDC0                              00000000
PDC1                              00000001
PDC2                              00000002
PDC3                              00000003
PDC4                              00000004
PDC5                              00000005
PDC6                              00000006
PEIE                              00000006
PIE1                              0000008C
PIE2                              0000008D
PIR1                              0000000C
PIR2                              0000000D
PORTA                             00000005
PORTB                             00000006
PORTC                             00000007
PR2                               00000092
PRSEN                             00000007
PS0                               00000000
PS1                               00000001
PS2                               00000002
PSA                               00000003
PSSAC0                            00000002
PSSAC1                            00000003
PSSBD0                            00000000
PSSBD1                            00000001
PSTRCON                           0000019D
PULSR                             00000002
PULSS                             00000003
PWM1CON                           0000001C
R                                 00000002
RABIE                             00000003
RABIF                             00000000
RCIDL                             00000006
gpasm-0.13.7 beta               ./src/lib/greet.asm3-2-2013  19:42:23           PAGE  9


LOC  OBJECT CODE     LINE SOURCE TEXT
  VALUE
 
RCIE                              00000005
RCIF                              00000005
RCREG                             0000001A
RCSTA                             00000018
RD                                00000000
READ_WRITE                        00000002
RP0                               00000005
RP1                               00000006
RX9                               00000006
RX9D                              00000000
R_W                               00000002
S                                 00000003
SBOREN                            00000004
SCKP                              00000004
SCS                               00000000
SENB                              00000003
SMP                               00000007
SPBRG                             00000099
SPBRGH                            0000009A
SPEN                              00000007
SR0                               00000006
SR1                               00000007
SRCON                             0000019E
SREN                              00000005
SSPADD                            00000093
SSPBUF                            00000013
SSPCON                            00000014
SSPEN                             00000005
SSPIE                             00000003
SSPIF                             00000003
SSPM0                             00000000
SSPM1                             00000001
SSPM2                             00000002
SSPM3                             00000003
SSPMSK                            00000093
SSPOV                             00000006
SSPSTAT                           00000094
STATUS                            00000003
STRA                              00000000
STRB                              00000001
STRC                              00000002
STRD                              00000003
STRSYNC                           00000004
SWDTEN                            00000000
SYNC                              00000004
T0CS                              00000005
T0IE                              00000005
T0IF                              00000002
T0SE                              00000004
T1CKPS0                           00000004
T1CKPS1                           00000005
T1CON                             00000010
T1GINV                            00000007
T1GSS                             00000001
gpasm-0.13.7 beta               ./src/lib/greet.asm3-2-2013  19:42:23           PAGE 10


LOC  OBJECT CODE     LINE SOURCE TEXT
  VALUE
 
T1IE                              00000000
T1IF                              00000000
T1OSCEN                           00000003
T2CKPS0                           00000000
T2CKPS1                           00000001
T2CON                             00000012
T2IE                              00000001
T2IF                              00000001
TMR0                              00000001
TMR1CS                            00000001
TMR1GE                            00000006
TMR1H                             0000000F
TMR1IE                            00000000
TMR1IF                            00000000
TMR1L                             0000000E
TMR1ON                            00000000
TMR2                              00000011
TMR2IE                            00000001
TMR2IF                            00000001
TMR2ON                            00000002
TOUTPS0                           00000003
TOUTPS1                           00000004
TOUTPS2                           00000005
TOUTPS3                           00000006
TRISA                             00000085
TRISA0                            00000000
TRISA1                            00000001
TRISA2                            00000002
TRISA3                            00000003
TRISA4                            00000004
TRISA5                            00000005
TRISB                             00000086
TRISB4                            00000004
TRISB5                            00000005
TRISB6                            00000006
TRISB7                            00000007
TRISC                             00000087
TRISC0                            00000000
TRISC1                            00000001
TRISC2                            00000002
TRISC3                            00000003
TRISC4                            00000004
TRISC5                            00000005
TRISC6                            00000006
TRISC7                            00000007
TRMT                              00000001
TUN0                              00000000
TUN1                              00000001
TUN2                              00000002
TUN3                              00000003
TUN4                              00000004
TX9                               00000006
TX9D                              00000000
TXEN                              00000005
gpasm-0.13.7 beta               ./src/lib/greet.asm3-2-2013  19:42:23           PAGE 11


LOC  OBJECT CODE     LINE SOURCE TEXT
  VALUE
 
TXIE                              00000004
TXIF                              00000004
TXREG                             00000019
TXSTA                             00000098
UA                                00000001
ULPWUE                            00000005
VCFG                              00000006
VP6EN                             00000004
VR0                               00000000
VR1                               00000001
VR2                               00000002
VR3                               00000003
VRCON                             00000118
VRR                               00000005
W                                 00000000
WCOL                              00000007
WDTCON                            00000097
WDTPS0                            00000001
WDTPS1                            00000002
WDTPS2                            00000003
WDTPS3                            00000004
WPU                               00000095
WPUA                              00000095
WPUA0                             00000000
WPUA1                             00000001
WPUA2                             00000002
WPUA4                             00000004
WPUA5                             00000005
WPUB                              00000115
WPUB4                             00000004
WPUB5                             00000005
WPUB6                             00000006
WPUB7                             00000007
WR                                00000001
WREN                              00000002
WRERR                             00000003
WUE                               00000001
Z                                 00000002
_BOR_NSLEEP                       00003EFF
_BOR_OFF                          00003CFF
_BOR_ON                           00003FFF
_BOR_SBODEN                       00003DFF
_CPD_OFF                          00003FFF
_CPD_ON                           00003F7F
_CP_OFF                           00003FFF
_CP_ON                            00003FBF
_EC_OSC                           00003FFB
_EXTRC                            00003FFF
_EXTRCIO                          00003FFE
_EXTRC_OSC_CLKOUT                 00003FFF
_EXTRC_OSC_NOCLKOUT               00003FFE
_FCMEN_OFF                        000037FF
_FCMEN_ON                         00003FFF
_HS_OSC                           00003FFA
gpasm-0.13.7 beta               ./src/lib/greet.asm3-2-2013  19:42:23           PAGE 12


LOC  OBJECT CODE     LINE SOURCE TEXT
  VALUE
 
_IESO_OFF                         00003BFF
_IESO_ON                          00003FFF
_INTOSC                           00003FFD
_INTOSCIO                         00003FFC
_INTRC_OSC_CLKOUT                 00003FFD
_INTRC_OSC_NOCLKOUT               00003FFC
_LP_OSC                           00003FF8
_MCLRE_OFF                        00003FDF
_MCLRE_ON                         00003FFF
_PWRTE_OFF                        00003FFF
_PWRTE_ON                         00003FEF
_WDT_OFF                          00003FF7
_WDT_ON                           00003FFF
_XT_OSC                           00003FF9
__16F690                          00000001
break                             00000006
delay                             00000000
else1                             00000014
fi1                               00000017
fi2                               00000021
fi3                               00000032
fi4                               00000038
finish                            00000039
greet                             00000000
mv_rx_w                           00000000
mv_w_tx                           00000000
receive                           00000025
sample                            00000021
transmit                          0000000C


Errors   :       0
Warnings :       0 reported,       0 suppressed
Messages :       0 reported,       0 suppressed

