gpasm-0.13.7 beta               ./src/lib/mv_piso_w.asm2-21-2013  10:01:53          PAGE  1


LOC  OBJECT CODE     LINE SOURCE TEXT
  VALUE
 
               00001         processor       pic16f690
               00002         include         <p16f690.inc>
               00001         LIST
               00002 ; P16F690.INC  Standard Header File, Version 1.00    Microchip Technology, Inc.
               00607         LIST
               00003 
               00004         variable        i
               00005 
               00006         global          mv_piso_w
               00007 
               00008         udata
               00009 FRPISO  res             1
               00010 libsp   code
0000 00011 mv_piso_w:
               00012 ;;      Receive 1 byte from PISO by popping 8 bits into DIPISO with CKPISO
               00013 
               00014 ;;      PORT    PIN     I/O     NAME    FUNCTION
               00015 ;;      RA0     19      I       DIPISO  Ser data in
               00016 ;;      RA2     17      O       CKPISO  Clock out
               00017 
0000 1283 1303 00018         banksel         PORTA           ;;      << Prepare for synchronous reception of
0002 1005      00019         bcf             PORTA,0         ;;      << data through DIPISO with CKPISO
0003 1105      00020         bcf             PORTA,2         ;;      <<
               00021 
  00000008     00022 i=8                                     ;;      << Begin synchronous reception loop
               00023         while           i > 0           ;;      << of 8 bits.
               00024 
               00025         btfsc           PORTA,0         ;;      << If DIPISO is 0, clear bit i from
               00026         bsf             FRPISO,i-1      ;;      << FRPISO. Else, set bit i.
               00027         btfss           PORTA,0         ;;      <<
               00028         bcf             FRPISO,i-1      ;;      <<
               00029 
               00030         bsf             PORTA,2         ;;      << Pop next bit from PISO into DIPISO
               00031         bcf             PORTA,2         ;;      << with a pulse on CKPISO
               00032 
               00033 i -= 1                                  ;;      << End synchronous reception loop
               00034         endw                            ;;      <<
               00024 
0004 1805      00025         btfsc           PORTA,0         ;;      << If DIPISO is 0, clear bit i from
0005 1780      00026         bsf             FRPISO,i-1      ;;      << FRPISO. Else, set bit i.
0006 1C05      00027         btfss           PORTA,0         ;;      <<
0007 1380      00028         bcf             FRPISO,i-1      ;;      <<
               00029 
0008 1505      00030         bsf             PORTA,2         ;;      << Pop next bit from PISO into DIPISO
0009 1105      00031         bcf             PORTA,2         ;;      << with a pulse on CKPISO
               00032 
  00000007     00033 i -= 1                                  ;;      << End synchronous reception loop
               00024 
000A 1805      00025         btfsc           PORTA,0         ;;      << If DIPISO is 0, clear bit i from
000B 1700      00026         bsf             FRPISO,i-1      ;;      << FRPISO. Else, set bit i.
000C 1C05      00027         btfss           PORTA,0         ;;      <<
000D 1300      00028         bcf             FRPISO,i-1      ;;      <<
               00029 
000E 1505      00030         bsf             PORTA,2         ;;      << Pop next bit from PISO into DIPISO
gpasm-0.13.7 beta               ./src/lib/mv_piso_w.asm2-21-2013  10:01:53          PAGE  2


LOC  OBJECT CODE     LINE SOURCE TEXT
  VALUE
 
000F 1105      00031         bcf             PORTA,2         ;;      << with a pulse on CKPISO
               00032 
  00000006     00033 i -= 1                                  ;;      << End synchronous reception loop
               00024 
0010 1805      00025         btfsc           PORTA,0         ;;      << If DIPISO is 0, clear bit i from
0011 1680      00026         bsf             FRPISO,i-1      ;;      << FRPISO. Else, set bit i.
0012 1C05      00027         btfss           PORTA,0         ;;      <<
0013 1280      00028         bcf             FRPISO,i-1      ;;      <<
               00029 
0014 1505      00030         bsf             PORTA,2         ;;      << Pop next bit from PISO into DIPISO
0015 1105      00031         bcf             PORTA,2         ;;      << with a pulse on CKPISO
               00032 
  00000005     00033 i -= 1                                  ;;      << End synchronous reception loop
               00024 
0016 1805      00025         btfsc           PORTA,0         ;;      << If DIPISO is 0, clear bit i from
0017 1600      00026         bsf             FRPISO,i-1      ;;      << FRPISO. Else, set bit i.
0018 1C05      00027         btfss           PORTA,0         ;;      <<
0019 1200      00028         bcf             FRPISO,i-1      ;;      <<
               00029 
001A 1505      00030         bsf             PORTA,2         ;;      << Pop next bit from PISO into DIPISO
001B 1105      00031         bcf             PORTA,2         ;;      << with a pulse on CKPISO
               00032 
  00000004     00033 i -= 1                                  ;;      << End synchronous reception loop
               00024 
001C 1805      00025         btfsc           PORTA,0         ;;      << If DIPISO is 0, clear bit i from
001D 1580      00026         bsf             FRPISO,i-1      ;;      << FRPISO. Else, set bit i.
001E 1C05      00027         btfss           PORTA,0         ;;      <<
001F 1180      00028         bcf             FRPISO,i-1      ;;      <<
               00029 
0020 1505      00030         bsf             PORTA,2         ;;      << Pop next bit from PISO into DIPISO
0021 1105      00031         bcf             PORTA,2         ;;      << with a pulse on CKPISO
               00032 
  00000003     00033 i -= 1                                  ;;      << End synchronous reception loop
               00024 
0022 1805      00025         btfsc           PORTA,0         ;;      << If DIPISO is 0, clear bit i from
0023 1500      00026         bsf             FRPISO,i-1      ;;      << FRPISO. Else, set bit i.
0024 1C05      00027         btfss           PORTA,0         ;;      <<
0025 1100      00028         bcf             FRPISO,i-1      ;;      <<
               00029 
0026 1505      00030         bsf             PORTA,2         ;;      << Pop next bit from PISO into DIPISO
0027 1105      00031         bcf             PORTA,2         ;;      << with a pulse on CKPISO
               00032 
  00000002     00033 i -= 1                                  ;;      << End synchronous reception loop
               00024 
0028 1805      00025         btfsc           PORTA,0         ;;      << If DIPISO is 0, clear bit i from
0029 1480      00026         bsf             FRPISO,i-1      ;;      << FRPISO. Else, set bit i.
002A 1C05      00027         btfss           PORTA,0         ;;      <<
002B 1080      00028         bcf             FRPISO,i-1      ;;      <<
               00029 
002C 1505      00030         bsf             PORTA,2         ;;      << Pop next bit from PISO into DIPISO
002D 1105      00031         bcf             PORTA,2         ;;      << with a pulse on CKPISO
               00032 
  00000001     00033 i -= 1                                  ;;      << End synchronous reception loop
               00024 
gpasm-0.13.7 beta               ./src/lib/mv_piso_w.asm2-21-2013  10:01:53          PAGE  3


LOC  OBJECT CODE     LINE SOURCE TEXT
  VALUE
 
002E 1805      00025         btfsc           PORTA,0         ;;      << If DIPISO is 0, clear bit i from
002F 1400      00026         bsf             FRPISO,i-1      ;;      << FRPISO. Else, set bit i.
0030 1C05      00027         btfss           PORTA,0         ;;      <<
0031 1000      00028         bcf             FRPISO,i-1      ;;      <<
               00029 
0032 1505      00030         bsf             PORTA,2         ;;      << Pop next bit from PISO into DIPISO
0033 1105      00031         bcf             PORTA,2         ;;      << with a pulse on CKPISO
               00032 
  00000000     00033 i -= 1                                  ;;      << End synchronous reception loop
               00035 
0034 0800      00036         movfw           FRPISO          ;;      << Move stored PISO byte from FMPISO
               00037                                         ;;         to WREG
               00038 
0035 0008      00039         return
gpasm-0.13.7 beta               ./src/lib/mv_piso_w.asm2-21-2013  10:01:53          PAGE  4


SYMBOL TABLE
  LABEL                             VALUE 

ABDEN                             00000000
ABDOVF                            00000007
ADCON0                            0000001F
ADCON1                            0000009F
ADCS0                             00000004
ADCS1                             00000005
ADCS2                             00000006
ADDEN                             00000003
ADFM                              00000007
ADIE                              00000006
ADIF                              00000006
ADON                              00000000
ADRESH                            0000001E
ADRESL                            0000009E
ANS0                              00000000
ANS1                              00000001
ANS10                             00000002
ANS11                             00000003
ANS2                              00000002
ANS3                              00000003
ANS4                              00000004
ANS5                              00000005
ANS6                              00000006
ANS7                              00000007
ANS8                              00000000
ANS9                              00000001
ANSEL                             0000011E
ANSELH                            0000011F
BAUDCTL                           0000009B
BF                                00000000
BRG0                              00000000
BRG1                              00000001
BRG10                             00000002
BRG11                             00000003
BRG12                             00000004
BRG13                             00000005
BRG14                             00000006
BRG15                             00000007
BRG16                             00000003
BRG2                              00000002
BRG3                              00000003
BRG4                              00000004
BRG5                              00000005
BRG6                              00000006
BRG7                              00000007
BRG8                              00000000
BRG9                              00000001
BRGH                              00000002
C                                 00000000
C1CH0                             00000000
C1CH1                             00000001
C1IE                              00000005
C1IF                              00000005
gpasm-0.13.7 beta               ./src/lib/mv_piso_w.asm2-21-2013  10:01:53          PAGE  5


LOC  OBJECT CODE     LINE SOURCE TEXT
  VALUE
 
C1OE                              00000005
C1ON                              00000007
C1OUT                             00000006
C1POL                             00000004
C1R                               00000002
C1SEN                             00000005
C1VREN                            00000007
C2CH0                             00000000
C2CH1                             00000001
C2IE                              00000006
C2IF                              00000006
C2OE                              00000005
C2ON                              00000007
C2OUT                             00000006
C2POL                             00000004
C2R                               00000002
C2REN                             00000004
C2SYNC                            00000000
C2VREN                            00000006
CCP1CON                           00000017
CCP1IE                            00000002
CCP1IF                            00000002
CCP1M0                            00000000
CCP1M1                            00000001
CCP1M2                            00000002
CCP1M3                            00000003
CCPR1H                            00000016
CCPR1L                            00000015
CHS0                              00000002
CHS1                              00000003
CHS2                              00000004
CHS3                              00000005
CKE                               00000006
CKP                               00000004
CM1CON0                           00000119
CM2CON0                           0000011A
CM2CON1                           0000011B
CREN                              00000004
CSRC                              00000007
D                                 00000005
DATA_ADDRESS                      00000005
DC                                00000001
DC1B0                             00000004
DC1B1                             00000005
D_A                               00000005
ECCPAS                            0000001D
ECCPAS0                           00000004
ECCPAS1                           00000005
ECCPAS2                           00000006
ECCPASE                           00000007
EEADR                             0000010D
EEADRH                            0000010F
EECON1                            0000018C
EECON2                            0000018D
gpasm-0.13.7 beta               ./src/lib/mv_piso_w.asm2-21-2013  10:01:53          PAGE  6


LOC  OBJECT CODE     LINE SOURCE TEXT
  VALUE
 
EEDAT                             0000010C
EEDATA                            0000010C
EEDATH                            0000010E
EEIE                              00000004
EEIF                              00000004
EEPGD                             00000007
F                                 00000001
FERR                              00000002
FRPISO                            00000000
FSR                               00000004
GIE                               00000007
GO                                00000001
GO_DONE                           00000001
HTS                               00000002
I2C_DATA                          00000005
I2C_READ                          00000002
I2C_START                         00000003
I2C_STOP                          00000004
INDF                              00000000
INTCON                            0000000B
INTE                              00000004
INTEDG                            00000006
INTF                              00000001
IOC                               00000096
IOC0                              00000000
IOC1                              00000001
IOC2                              00000002
IOC3                              00000003
IOC4                              00000004
IOC5                              00000005
IOCA                              00000096
IOCA0                             00000000
IOCA1                             00000001
IOCA2                             00000002
IOCA3                             00000003
IOCA4                             00000004
IOCA5                             00000005
IOCB                              00000116
IOCB4                             00000004
IOCB5                             00000005
IOCB6                             00000006
IOCB7                             00000007
IRCF0                             00000004
IRCF1                             00000005
IRCF2                             00000006
IRP                               00000007
LTS                               00000001
MC1OUT                            00000007
MC2OUT                            00000006
MSK                               00000093
NOT_A                             00000005
NOT_ADDRESS                       00000005
NOT_BOR                           00000000
NOT_DONE                          00000001
gpasm-0.13.7 beta               ./src/lib/mv_piso_w.asm2-21-2013  10:01:53          PAGE  7


LOC  OBJECT CODE     LINE SOURCE TEXT
  VALUE
 
NOT_PD                            00000003
NOT_POR                           00000001
NOT_RABPU                         00000007
NOT_T1SYNC                        00000002
NOT_TO                            00000004
NOT_W                             00000002
NOT_WRITE                         00000002
OERR                              00000001
OPTION_REG                        00000081
OSCCON                            0000008F
OSCTUNE                           00000090
OSFIE                             00000007
OSFIF                             00000007
OSTS                              00000003
P                                 00000004
P1M0                              00000006
P1M1                              00000007
PCL                               00000002
PCLATH                            0000000A
PCON                              0000008E
PDC0                              00000000
PDC1                              00000001
PDC2                              00000002
PDC3                              00000003
PDC4                              00000004
PDC5                              00000005
PDC6                              00000006
PEIE                              00000006
PIE1                              0000008C
PIE2                              0000008D
PIR1                              0000000C
PIR2                              0000000D
PORTA                             00000005
PORTB                             00000006
PORTC                             00000007
PR2                               00000092
PRSEN                             00000007
PS0                               00000000
PS1                               00000001
PS2                               00000002
PSA                               00000003
PSSAC0                            00000002
PSSAC1                            00000003
PSSBD0                            00000000
PSSBD1                            00000001
PSTRCON                           0000019D
PULSR                             00000002
PULSS                             00000003
PWM1CON                           0000001C
R                                 00000002
RABIE                             00000003
RABIF                             00000000
RCIDL                             00000006
RCIE                              00000005
gpasm-0.13.7 beta               ./src/lib/mv_piso_w.asm2-21-2013  10:01:53          PAGE  8


LOC  OBJECT CODE     LINE SOURCE TEXT
  VALUE
 
RCIF                              00000005
RCREG                             0000001A
RCSTA                             00000018
RD                                00000000
READ_WRITE                        00000002
RP0                               00000005
RP1                               00000006
RX9                               00000006
RX9D                              00000000
R_W                               00000002
S                                 00000003
SBOREN                            00000004
SCKP                              00000004
SCS                               00000000
SENB                              00000003
SMP                               00000007
SPBRG                             00000099
SPBRGH                            0000009A
SPEN                              00000007
SR0                               00000006
SR1                               00000007
SRCON                             0000019E
SREN                              00000005
SSPADD                            00000093
SSPBUF                            00000013
SSPCON                            00000014
SSPEN                             00000005
SSPIE                             00000003
SSPIF                             00000003
SSPM0                             00000000
SSPM1                             00000001
SSPM2                             00000002
SSPM3                             00000003
SSPMSK                            00000093
SSPOV                             00000006
SSPSTAT                           00000094
STATUS                            00000003
STRA                              00000000
STRB                              00000001
STRC                              00000002
STRD                              00000003
STRSYNC                           00000004
SWDTEN                            00000000
SYNC                              00000004
T0CS                              00000005
T0IE                              00000005
T0IF                              00000002
T0SE                              00000004
T1CKPS0                           00000004
T1CKPS1                           00000005
T1CON                             00000010
T1GINV                            00000007
T1GSS                             00000001
T1IE                              00000000
gpasm-0.13.7 beta               ./src/lib/mv_piso_w.asm2-21-2013  10:01:53          PAGE  9


LOC  OBJECT CODE     LINE SOURCE TEXT
  VALUE
 
T1IF                              00000000
T1OSCEN                           00000003
T2CKPS0                           00000000
T2CKPS1                           00000001
T2CON                             00000012
T2IE                              00000001
T2IF                              00000001
TMR0                              00000001
TMR1CS                            00000001
TMR1GE                            00000006
TMR1H                             0000000F
TMR1IE                            00000000
TMR1IF                            00000000
TMR1L                             0000000E
TMR1ON                            00000000
TMR2                              00000011
TMR2IE                            00000001
TMR2IF                            00000001
TMR2ON                            00000002
TOUTPS0                           00000003
TOUTPS1                           00000004
TOUTPS2                           00000005
TOUTPS3                           00000006
TRISA                             00000085
TRISA0                            00000000
TRISA1                            00000001
TRISA2                            00000002
TRISA3                            00000003
TRISA4                            00000004
TRISA5                            00000005
TRISB                             00000086
TRISB4                            00000004
TRISB5                            00000005
TRISB6                            00000006
TRISB7                            00000007
TRISC                             00000087
TRISC0                            00000000
TRISC1                            00000001
TRISC2                            00000002
TRISC3                            00000003
TRISC4                            00000004
TRISC5                            00000005
TRISC6                            00000006
TRISC7                            00000007
TRMT                              00000001
TUN0                              00000000
TUN1                              00000001
TUN2                              00000002
TUN3                              00000003
TUN4                              00000004
TX9                               00000006
TX9D                              00000000
TXEN                              00000005
TXIE                              00000004
gpasm-0.13.7 beta               ./src/lib/mv_piso_w.asm2-21-2013  10:01:53          PAGE 10


LOC  OBJECT CODE     LINE SOURCE TEXT
  VALUE
 
TXIF                              00000004
TXREG                             00000019
TXSTA                             00000098
UA                                00000001
ULPWUE                            00000005
VCFG                              00000006
VP6EN                             00000004
VR0                               00000000
VR1                               00000001
VR2                               00000002
VR3                               00000003
VRCON                             00000118
VRR                               00000005
W                                 00000000
WCOL                              00000007
WDTCON                            00000097
WDTPS0                            00000001
WDTPS1                            00000002
WDTPS2                            00000003
WDTPS3                            00000004
WPU                               00000095
WPUA                              00000095
WPUA0                             00000000
WPUA1                             00000001
WPUA2                             00000002
WPUA4                             00000004
WPUA5                             00000005
WPUB                              00000115
WPUB4                             00000004
WPUB5                             00000005
WPUB6                             00000006
WPUB7                             00000007
WR                                00000001
WREN                              00000002
WRERR                             00000003
WUE                               00000001
Z                                 00000002
_BOR_NSLEEP                       00003EFF
_BOR_OFF                          00003CFF
_BOR_ON                           00003FFF
_BOR_SBODEN                       00003DFF
_CPD_OFF                          00003FFF
_CPD_ON                           00003F7F
_CP_OFF                           00003FFF
_CP_ON                            00003FBF
_EC_OSC                           00003FFB
_EXTRC                            00003FFF
_EXTRCIO                          00003FFE
_EXTRC_OSC_CLKOUT                 00003FFF
_EXTRC_OSC_NOCLKOUT               00003FFE
_FCMEN_OFF                        000037FF
_FCMEN_ON                         00003FFF
_HS_OSC                           00003FFA
_IESO_OFF                         00003BFF
gpasm-0.13.7 beta               ./src/lib/mv_piso_w.asm2-21-2013  10:01:53          PAGE 11


LOC  OBJECT CODE     LINE SOURCE TEXT
  VALUE
 
_IESO_ON                          00003FFF
_INTOSC                           00003FFD
_INTOSCIO                         00003FFC
_INTRC_OSC_CLKOUT                 00003FFD
_INTRC_OSC_NOCLKOUT               00003FFC
_LP_OSC                           00003FF8
_MCLRE_OFF                        00003FDF
_MCLRE_ON                         00003FFF
_PWRTE_OFF                        00003FFF
_PWRTE_ON                         00003FEF
_WDT_OFF                          00003FF7
_WDT_ON                           00003FFF
_XT_OSC                           00003FF9
__16F690                          00000001
i                                 00000000
mv_piso_w                         00000000


Errors   :       0
Warnings :       0 reported,       0 suppressed
Messages :       0 reported,       0 suppressed

